d:\proiectpg\laboratoare\laboratoare\x64\release\vc142.pdb
d:\proiectpg\laboratoare\laboratoare\x64\release\tiny_obj_loader.obj
d:\proiectpg\laboratoare\laboratoare\x64\release\stdafx.obj
d:\proiectpg\laboratoare\laboratoare\x64\release\stb_image.obj
d:\proiectpg\laboratoare\laboratoare\x64\release\source.obj
d:\proiectpg\laboratoare\laboratoare\x64\release\skybox.obj
d:\proiectpg\laboratoare\laboratoare\x64\release\shader.obj
d:\proiectpg\laboratoare\laboratoare\x64\release\model3d.obj
d:\proiectpg\laboratoare\laboratoare\x64\release\mesh.obj
d:\proiectpg\laboratoare\laboratoare\x64\release\main.obj
d:\proiectpg\laboratoare\laboratoare\x64\release\camera.obj
d:\proiectpg\laboratoare\x64\release\laboratoare.exe
d:\proiectpg\laboratoare\laboratoare\x64\release\laboratoare.ipdb
d:\proiectpg\laboratoare\laboratoare\x64\release\laboratoare.iobj
d:\proiectpg\laboratoare\x64\release\laboratoare.pdb
d:\proiectpg\laboratoare\laboratoare\x64\release\laboratoare.tlog\cl.command.1.tlog
d:\proiectpg\laboratoare\laboratoare\x64\release\laboratoare.tlog\cl.read.1.tlog
d:\proiectpg\laboratoare\laboratoare\x64\release\laboratoare.tlog\cl.write.1.tlog
d:\proiectpg\laboratoare\laboratoare\x64\release\laboratoare.tlog\link.command.1.tlog
d:\proiectpg\laboratoare\laboratoare\x64\release\laboratoare.tlog\link.read.1.tlog
d:\proiectpg\laboratoare\laboratoare\x64\release\laboratoare.tlog\link.write.1.tlog
